0 info it worked if it ends with ok
1 verbose cli [ 'C:\\Program Files\\nodejs\\node.exe',
1 verbose cli   'C:\\Program Files\\nodejs\\node_modules\\npm\\bin\\npm-cli.js',
1 verbose cli   'run',
1 verbose cli   'dev' ]
2 info using npm@4.1.2
3 info using node@v7.7.4
4 verbose run-script [ 'predev', 'dev', 'postdev' ]
5 info lifecycle react-tutorials@0.0.0~predev: react-tutorials@0.0.0
6 silly lifecycle react-tutorials@0.0.0~predev: no script for predev, continuing
7 info lifecycle react-tutorials@0.0.0~dev: react-tutorials@0.0.0
8 verbose lifecycle react-tutorials@0.0.0~dev: unsafe-perm in lifecycle true
9 verbose lifecycle react-tutorials@0.0.0~dev: PATH: C:\Program Files\nodejs\node_modules\npm\bin\node-gyp-bin;C:\Users\bodya\Desktop\Projects\CHAT\Chat-React\node_modules\.bin;C:\Windows\system32;C:\Windows;C:\Windows\System32\Wbem;C:\Windows\System32\WindowsPowerShell\v1.0\;C:\Program Files\nodejs\;C:\Program Files (x86)\Skype\Phone\;C:\ProgramData\chocolatey\bin;C:\Program Files\Git\cmd;C:\Program Files\MiKTeX 2.9\miktex\bin\x64\;C:\Program Files\MongoDB\Server\3.4\bin;C:\cygwin64\bin;C:\Users\bodya\AppData\Roaming\npm;C:\Program Files (x86)\Microsoft VS Code\bin;C:\Users\bodya\Anaconda2;C:\Users\bodya\Anaconda2\Scripts;C:\Program Files\Heroku\bin;C:\Users\bodya\Downloads\YOUTUBE-DL
10 verbose lifecycle react-tutorials@0.0.0~dev: CWD: C:\Users\bodya\Desktop\Projects\CHAT\Chat-React
11 silly lifecycle react-tutorials@0.0.0~dev: Args: [ '/d /s /c',
11 silly lifecycle   'node ./node_modules/webpack-dev-server/bin/webpack-dev-server.js --port 5001 --content-base src --inline --hot' ]
12 silly lifecycle react-tutorials@0.0.0~dev: Returned: code: 3221225786  signal: null
13 info lifecycle react-tutorials@0.0.0~dev: Failed to exec dev script
14 verbose stack Error: react-tutorials@0.0.0 dev: `node ./node_modules/webpack-dev-server/bin/webpack-dev-server.js --port 5001 --content-base src --inline --hot`
14 verbose stack Exit status 3221225786
14 verbose stack     at EventEmitter.<anonymous> (C:\Program Files\nodejs\node_modules\npm\lib\utils\lifecycle.js:279:16)
14 verbose stack     at emitTwo (events.js:106:13)
14 verbose stack     at EventEmitter.emit (events.js:194:7)
14 verbose stack     at ChildProcess.<anonymous> (C:\Program Files\nodejs\node_modules\npm\lib\utils\spawn.js:40:14)
14 verbose stack     at emitTwo (events.js:106:13)
14 verbose stack     at ChildProcess.emit (events.js:194:7)
14 verbose stack     at maybeClose (internal/child_process.js:899:16)
14 verbose stack     at Process.ChildProcess._handle.onexit (internal/child_process.js:226:5)
15 verbose pkgid react-tutorials@0.0.0
16 verbose cwd C:\Users\bodya\Desktop\Projects\CHAT\Chat-React
17 error Windows_NT 6.1.7601
18 error argv "C:\\Program Files\\nodejs\\node.exe" "C:\\Program Files\\nodejs\\node_modules\\npm\\bin\\npm-cli.js" "run" "dev"
19 error node v7.7.4
20 error npm  v4.1.2
21 error code ELIFECYCLE
22 error react-tutorials@0.0.0 dev: `node ./node_modules/webpack-dev-server/bin/webpack-dev-server.js --port 5001 --content-base src --inline --hot`
22 error Exit status 3221225786
23 error Failed at the react-tutorials@0.0.0 dev script 'node ./node_modules/webpack-dev-server/bin/webpack-dev-server.js --port 5001 --content-base src --inline --hot'.
23 error Make sure you have the latest version of node.js and npm installed.
23 error If you do, this is most likely a problem with the react-tutorials package,
23 error not with npm itself.
23 error Tell the author that this fails on your system:
23 error     node ./node_modules/webpack-dev-server/bin/webpack-dev-server.js --port 5001 --content-base src --inline --hot
23 error You can get information on how to open an issue for this project with:
23 error     npm bugs react-tutorials
23 error Or if that isn't available, you can get their info via:
23 error     npm owner ls react-tutorials
23 error There is likely additional logging output above.
24 verbose exit [ 1, true ]
